<?xml version="1.0" encoding="UTF-8"?>
<!-- Generated by org.testng.reporters.JUnitReportReporter -->
<testsuite hostname="DESKTOP-6QPA4M0" failures="0" tests="11" name="com.ixfi.testcases.SignUpPageTest" time="163.926" errors="0" timestamp="2024-12-09T14:44:17 IST" skipped="0">
  <testcase classname="com.ixfi.testcases.SignUpPageTest" name="verifyUserIsNavigatedBackToTheHomePageByClickingOnIxfiLogo" time="14.714"/>
  <system-out/>
  <testcase classname="com.ixfi.testcases.SignUpPageTest" name="verifyThatTheDayLightButtonIsClickableAndAbleToChangeTheDarkAndLightMode" time="18.703"/>
  <system-out/>
  <testcase classname="com.ixfi.testcases.SignUpPageTest" name="verifyCreateAccountByPhoneFunctionalityTest" time="20.529"/>
  <system-out/>
  <testcase classname="com.ixfi.testcases.SignUpPageTest" name="verifyThatWhenUserEntersWrongInputsWhileSignUpWithPhoneNumberItShowsProperValidationMessage" time="11.668"/>
  <system-out/>
  <testcase classname="com.ixfi.testcases.SignUpPageTest" name="verifyThatUserIsNavigatedToSignUpPageAfterClickingOnRegisterButton" time="10.414"/>
  <system-out/>
  <testcase classname="com.ixfi.testcases.SignUpPageTest" name="verifyThatUserIsNavigatedToLoginPageAfterClickinOnLoginLinkPresentOnSignUpPageTest" time="15.335"/>
  <system-out/>
  <testcase classname="com.ixfi.testcases.SignUpPageTest" name="verifyThatWhenUserEntersWrongInputsWhileSignUpWithEmailItShowsProperValidationMessage" time="11.823"/>
  <system-out/>
  <testcase classname="com.ixfi.testcases.SignUpPageTest" name="verifyUserIsNotNavigatedBackToTheHomePageByClickingOnIxfiLogoAndNoOnPopup" time="16.146"/>
  <system-out/>
  <testcase classname="com.ixfi.testcases.SignUpPageTest" name="verifyThatEyeButtonIsClickableAndBothPasswordIsCorrect" time="14.740"/>
  <system-out/>
  <testcase classname="com.ixfi.testcases.SignUpPageTest" name="verifyCreateAccountButtonRemainsDisabledUntilTermsAndConditionsAcceptanceTest" time="10.042"/>
  <system-out/>
  <testcase classname="com.ixfi.testcases.SignUpPageTest" name="verifyCreateAccountByEmailFunctionalityTest" time="19.812"/>
  <system-out/>
</testsuite> <!-- com.ixfi.testcases.SignUpPageTest -->
