<?xml version="1.0" encoding="UTF-8"?>
<!-- Generated by org.testng.reporters.JUnitReportReporter -->
<testsuite hostname="DESKTOP-6QPA4M0" failures="0" tests="5" name="com.ixfi.testcases.FooterPageTest" time="120.101" errors="0" timestamp="2024-12-09T14:44:17 IST" skipped="0">
  <testcase classname="com.ixfi.testcases.FooterPageTest" name="verifyThePresenceOfIXFILogo" time="15.652"/>
  <system-out/>
  <testcase classname="com.ixfi.testcases.FooterPageTest" name="verifyTheFooterLinksPresentAndAbleToOpenInNewTab" time="33.022"/>
  <system-out/>
  <testcase classname="com.ixfi.testcases.FooterPageTest" name="verifyTheAppleStoreLinkIsPresentAndClickable" time="23.069"/>
  <system-out/>
  <testcase classname="com.ixfi.testcases.FooterPageTest" name="verifyThePlayStoreLinkIsPresentAndClickable" time="14.531"/>
  <system-out/>
  <testcase classname="com.ixfi.testcases.FooterPageTest" name="verifyTheSocialMediaFooterLinksPresentAndAbleToOpenInNewTab" time="33.827"/>
  <system-out/>
</testsuite> <!-- com.ixfi.testcases.FooterPageTest -->
