<?xml version="1.0" encoding="UTF-8"?>
<!-- Generated by org.testng.reporters.JUnitReportReporter -->
<testsuite hostname="LAPTOP-OFVKRPE8" failures="1" tests="34" name="com.ixfi.testcases.IndexPageTest" time="683.709" errors="0" timestamp="2024-10-24T13:05:04 IST" skipped="0">
  <testcase classname="com.ixfi.testcases.IndexPageTest" name="validateMarketTrendLosersTableDataTest" time="12.827"/>
  <testcase classname="com.ixfi.testcases.IndexPageTest" name="verifyPresenceOfIxfiLogo" time="8.398"/>
  <testcase classname="com.ixfi.testcases.IndexPageTest" name="verifyThePresenceOfHeaderMenu" time="9.522"/>
  <testcase classname="com.ixfi.testcases.IndexPageTest" name="verifyThatStartTradingNowButtonIsClickableAndUserIsNavigatedToTradePage" time="14.124"/>
  <testcase classname="com.ixfi.testcases.IndexPageTest" name="verifyIXFIWebPageTitle" time="7.311"/>
  <testcase classname="com.ixfi.testcases.IndexPageTest" name="verifyThatUserIsAbleToClickOnJoinIXFISectionAndAbleToNavigateToTheSignUpPage" time="14.011"/>
  <testcase classname="com.ixfi.testcases.IndexPageTest" name="verifyUserIsAbleToClickOnRewardsCenterCardAndAbleToNavigateToRewardsPage" time="12.057"/>
  <testcase classname="com.ixfi.testcases.IndexPageTest" name="validateMarketTrendGainersTableDataTest" time="13.649"/>
  <testcase classname="com.ixfi.testcases.IndexPageTest" name="verifyThePresenceOfResearchMenuDD" time="12.463"/>
  <testcase classname="com.ixfi.testcases.IndexPageTest" name="validateMarketTrendTopTableDataTest" time="12.675"/>
  <testcase classname="com.ixfi.testcases.IndexPageTest" name="verifyLoginButtonIsClickableAndUserIsNavigatedToLoginPage" time="13.410"/>
  <testcase classname="com.ixfi.testcases.IndexPageTest" name="verifyThatCurrencyButtonIsClickableUnderHamburgerMenuAndUserIsAbleToSelectTheCurrency" time="19.400"/>
  <testcase classname="com.ixfi.testcases.IndexPageTest" name="verifyTheDayLightModeIsChangingWhenUserClicksOnItFromNightToDayMode" time="8.781"/>
  <testcase classname="com.ixfi.testcases.IndexPageTest" name="verifyThePresenceOfRewardsProgramMenuDD" time="10.578"/>
  <testcase classname="com.ixfi.testcases.IndexPageTest" name="verifyUserIsAbleToClickOnConvertFeeCardAndAbleToNavigateToConvertPage" time="14.382"/>
  <testcase classname="com.ixfi.testcases.IndexPageTest" name="verifyTheDayLightModeIsChangingWhenUserClicksOnItFromDayToNightMode" time="8.941"/>
  <testcase classname="com.ixfi.testcases.IndexPageTest" name="verifySignUpButtonIsClickable" time="7.755"/>
  <testcase classname="com.ixfi.testcases.IndexPageTest" name="verifyThatTopSectionsDownloadAppWillOpenInNewTab" time="17.480"/>
  <testcase classname="com.ixfi.testcases.IndexPageTest" name="verifyUserIsAbleToClickOnAirdropsCardAndAbleToNavigateToAirdropsPage" time="10.461"/>
  <testcase classname="com.ixfi.testcases.IndexPageTest" name="verifyDetailsButtonFromTheMarketTablesActionColumnIsClickableAndOpenItInNewTab" time="162.735"/>
  <testcase classname="com.ixfi.testcases.IndexPageTest" name="verifyLangaugeButtonIsClickableUnderHamburgerMenuAndUserIsAbleToExtractTheLanguagesAndClickOnThem" time="20.985"/>
  <testcase classname="com.ixfi.testcases.IndexPageTest" name="verifyThatUserIsAbleToNavigateToTheEarnPlatformRewardsProgramSectionAndValidateTheTitleOfTheSection" time="9.102"/>
  <testcase classname="com.ixfi.testcases.IndexPageTest" name="verifyDownloadButtonIsClickableUnderHamburgerMenu" time="13.144"/>
  <testcase classname="com.ixfi.testcases.IndexPageTest" name="verifyThatBottomSectionsDownloadAppWillOpenInNewTab" time="24.069"/>
  <testcase classname="com.ixfi.testcases.IndexPageTest" name="verifyThatUserIsAbleToClickOnCompleteTaskSectionAndAbleToNavigateToTheRewardsProgramTaskCenterPage" time="10.779"/>
  <testcase classname="com.ixfi.testcases.IndexPageTest" name="verifyThePresenceOfCryptoParaText" time="7.323"/>
  <testcase classname="com.ixfi.testcases.IndexPageTest" name="verifyThatUserIsAbleToClickOnGetFreeCryptoSectionAndAbleToNavigateToTheRewardsProgramPage" time="15.741"/>
  <testcase classname="com.ixfi.testcases.IndexPageTest" name="verifyThatUserIsAbleToNavigateToTheEarnPlatformRewardsProgramSectionAndValidateTheParagraphOfTheSection" time="9.844"/>
  <testcase classname="com.ixfi.testcases.IndexPageTest" name="verifyLoginButtonIsClickable" time="8.933"/>
  <testcase classname="com.ixfi.testcases.IndexPageTest" name="verifyUserIsAbleToClickOnReferralProgramCardAndAbleToNavigateToReferralProgamPage" time="12.575"/>
  <testcase classname="com.ixfi.testcases.IndexPageTest" name="verifyThatWeeklySummaryReportSectionIsPresentAndUserIsAbleToClickOnReadMoreButtonAndOpenTheSummaryReportOnNewTab" time="61.410"/>
  <testcase classname="com.ixfi.testcases.IndexPageTest" name="verifyThePresenceOfConvertMenuDD" time="16.788"/>
  <testcase classname="com.ixfi.testcases.IndexPageTest" name="verifyTradeButtonFromTheMarketTablesActionColumnIsClickableAndOpenItInNewTab" time="71.538">
    <failure message="Test failed due to an exception." type="java.lang.AssertionError">
      <![CDATA[java.lang.AssertionError: Test failed due to an exception.
at org.testng.Assert.fail(Assert.java:111)
at com.ixfi.testcases.IndexPageTest.verifyTradeButtonFromTheMarketTablesActionColumnIsClickableAndOpenItInNewTab(IndexPageTest.java:683)
at java.base/jdk.internal.reflect.NativeMethodAccessorImpl.invoke0(Native Method)
at java.base/jdk.internal.reflect.NativeMethodAccessorImpl.invoke(NativeMethodAccessorImpl.java:77)
at java.base/jdk.internal.reflect.DelegatingMethodAccessorImpl.invoke(DelegatingMethodAccessorImpl.java:43)
at java.base/java.lang.reflect.Method.invoke(Method.java:568)
at org.testng.internal.invokers.MethodInvocationHelper.invokeMethod(MethodInvocationHelper.java:141)
at org.testng.internal.invokers.TestInvoker.invokeMethod(TestInvoker.java:686)
at org.testng.internal.invokers.TestInvoker.invokeTestMethod(TestInvoker.java:230)
at org.testng.internal.invokers.MethodRunner.runInSequence(MethodRunner.java:63)
at org.testng.internal.invokers.TestInvoker$MethodInvocationAgent.invoke(TestInvoker.java:992)
at org.testng.internal.invokers.TestInvoker.invokeTestMethods(TestInvoker.java:203)
at org.testng.internal.invokers.TestMethodWorker.invokeTestMethods(TestMethodWorker.java:154)
at org.testng.internal.invokers.TestMethodWorker.run(TestMethodWorker.java:134)
at java.base/java.util.ArrayList.forEach(ArrayList.java:1511)
at org.testng.TestRunner.privateRun(TestRunner.java:739)
at org.testng.TestRunner.run(TestRunner.java:614)
at org.testng.SuiteRunner.runTest(SuiteRunner.java:421)
at org.testng.SuiteRunner.runSequentially(SuiteRunner.java:413)
at org.testng.SuiteRunner.privateRun(SuiteRunner.java:373)
at org.testng.SuiteRunner.run(SuiteRunner.java:312)
at org.testng.SuiteRunnerWorker.runSuite(SuiteRunnerWorker.java:52)
at org.testng.SuiteRunnerWorker.run(SuiteRunnerWorker.java:95)
at org.testng.TestNG.runSuitesSequentially(TestNG.java:1274)
at org.testng.TestNG.runSuitesLocally(TestNG.java:1208)
at org.testng.TestNG.runSuites(TestNG.java:1112)
at org.testng.TestNG.run(TestNG.java:1079)
at org.testng.remote.AbstractRemoteTestNG.run(AbstractRemoteTestNG.java:115)
at org.testng.remote.RemoteTestNG.initAndRun(RemoteTestNG.java:293)
at org.testng.remote.RemoteTestNG.main(RemoteTestNG.java:91)
]]>
    </failure>
  </testcase> <!-- verifyTradeButtonFromTheMarketTablesActionColumnIsClickableAndOpenItInNewTab -->
  <testcase classname="com.ixfi.testcases.IndexPageTest" name="verifyThePresenceOfGen3_0CryptoExchangeText" time="10.518"/>
</testsuite> <!-- com.ixfi.testcases.IndexPageTest -->
