<?xml version="1.0" encoding="UTF-8"?>
<!-- Generated by org.testng.reporters.JUnitReportReporter -->
<testsuite hostname="LAPTOP-OFVKRPE8" failures="1" tests="34" name="com.ixfi.testcases.IndexPageTest" time="680.878" errors="0" timestamp="2024-10-25T10:14:03 IST" skipped="0">
  <testcase classname="com.ixfi.testcases.IndexPageTest" name="verifyThatStartTradingNowButtonIsClickableAndUserIsNavigatedToTradePage" time="11.230"/>
  <testcase classname="com.ixfi.testcases.IndexPageTest" name="verifyThePresenceOfGen3_0CryptoExchangeText" time="9.606"/>
  <testcase classname="com.ixfi.testcases.IndexPageTest" name="verifyThatWeeklySummaryReportSectionIsPresentAndUserIsAbleToClickOnReadMoreButtonAndOpenTheSummaryReportOnNewTab" time="60.295"/>
  <testcase classname="com.ixfi.testcases.IndexPageTest" name="verifyThePresenceOfCryptoParaText" time="10.813"/>
  <testcase classname="com.ixfi.testcases.IndexPageTest" name="verifyThatBottomSectionsDownloadAppWillOpenInNewTab" time="20.513"/>
  <testcase classname="com.ixfi.testcases.IndexPageTest" name="verifyThatUserIsAbleToClickOnGetFreeCryptoSectionAndAbleToNavigateToTheRewardsProgramPage" time="13.820"/>
  <testcase classname="com.ixfi.testcases.IndexPageTest" name="verifyThatTopSectionsDownloadAppWillOpenInNewTab" time="14.151"/>
  <testcase classname="com.ixfi.testcases.IndexPageTest" name="verifyLoginButtonIsClickableAndUserIsNavigatedToLoginPage" time="12.750">
    <failure message="Titles are not matched, please check again expected [Login | IXFI] but found [IXFI - Buy, Sell, Trade Bitcoin, Ethereum &amp; Altcoins | Crypto Exchange]" type="java.lang.AssertionError">
      <![CDATA[java.lang.AssertionError: Titles are not matched, please check again expected [Login | IXFI] but found [IXFI - Buy, Sell, Trade Bitcoin, Ethereum & Altcoins | Crypto Exchange]
at org.testng.Assert.fail(Assert.java:111)
at org.testng.Assert.failNotEquals(Assert.java:1578)
at org.testng.Assert.assertEqualsImpl(Assert.java:150)
at org.testng.Assert.assertEquals(Assert.java:132)
at org.testng.Assert.assertEquals(Assert.java:656)
at com.ixfi.testcases.IndexPageTest.verifyLoginButtonIsClickableAndUserIsNavigatedToLoginPage(IndexPageTest.java:111)
at java.base/jdk.internal.reflect.NativeMethodAccessorImpl.invoke0(Native Method)
at java.base/jdk.internal.reflect.NativeMethodAccessorImpl.invoke(NativeMethodAccessorImpl.java:77)
at java.base/jdk.internal.reflect.DelegatingMethodAccessorImpl.invoke(DelegatingMethodAccessorImpl.java:43)
at java.base/java.lang.reflect.Method.invoke(Method.java:568)
at org.testng.internal.invokers.MethodInvocationHelper.invokeMethod(MethodInvocationHelper.java:141)
at org.testng.internal.invokers.TestInvoker.invokeMethod(TestInvoker.java:686)
at org.testng.internal.invokers.TestInvoker.invokeTestMethod(TestInvoker.java:230)
at org.testng.internal.invokers.MethodRunner.runInSequence(MethodRunner.java:63)
at org.testng.internal.invokers.TestInvoker$MethodInvocationAgent.invoke(TestInvoker.java:992)
at org.testng.internal.invokers.TestInvoker.invokeTestMethods(TestInvoker.java:203)
at org.testng.internal.invokers.TestMethodWorker.invokeTestMethods(TestMethodWorker.java:154)
at org.testng.internal.invokers.TestMethodWorker.run(TestMethodWorker.java:134)
at java.base/java.util.ArrayList.forEach(ArrayList.java:1511)
at org.testng.TestRunner.privateRun(TestRunner.java:739)
at org.testng.TestRunner.run(TestRunner.java:614)
at org.testng.SuiteRunner.runTest(SuiteRunner.java:421)
at org.testng.SuiteRunner.runSequentially(SuiteRunner.java:413)
at org.testng.SuiteRunner.privateRun(SuiteRunner.java:373)
at org.testng.SuiteRunner.run(SuiteRunner.java:312)
at org.testng.SuiteRunnerWorker.runSuite(SuiteRunnerWorker.java:52)
at org.testng.SuiteRunnerWorker.run(SuiteRunnerWorker.java:95)
at org.testng.TestNG.runSuitesSequentially(TestNG.java:1274)
at org.testng.TestNG.runSuitesLocally(TestNG.java:1208)
at org.testng.TestNG.runSuites(TestNG.java:1112)
at org.testng.TestNG.run(TestNG.java:1079)
at org.testng.remote.AbstractRemoteTestNG.run(AbstractRemoteTestNG.java:115)
at org.testng.remote.RemoteTestNG.initAndRun(RemoteTestNG.java:293)
at org.testng.remote.RemoteTestNG.main(RemoteTestNG.java:91)
]]>
    </failure>
  </testcase> <!-- verifyLoginButtonIsClickableAndUserIsNavigatedToLoginPage -->
  <testcase classname="com.ixfi.testcases.IndexPageTest" name="verifyLangaugeButtonIsClickableUnderHamburgerMenuAndUserIsAbleToExtractTheLanguagesAndClickOnThem" time="20.345"/>
  <testcase classname="com.ixfi.testcases.IndexPageTest" name="verifyUserIsAbleToClickOnAirdropsCardAndAbleToNavigateToAirdropsPage" time="12.569"/>
  <testcase classname="com.ixfi.testcases.IndexPageTest" name="verifyDownloadButtonIsClickableUnderHamburgerMenu" time="13.030"/>
  <testcase classname="com.ixfi.testcases.IndexPageTest" name="verifyThatUserIsAbleToNavigateToTheEarnPlatformRewardsProgramSectionAndValidateTheParagraphOfTheSection" time="7.392"/>
  <testcase classname="com.ixfi.testcases.IndexPageTest" name="verifyPresenceOfIxfiLogo" time="7.875"/>
  <testcase classname="com.ixfi.testcases.IndexPageTest" name="verifyTheDayLightModeIsChangingWhenUserClicksOnItFromNightToDayMode" time="10.578"/>
  <testcase classname="com.ixfi.testcases.IndexPageTest" name="verifyLoginButtonIsClickable" time="7.037"/>
  <testcase classname="com.ixfi.testcases.IndexPageTest" name="verifyDetailsButtonFromTheMarketTablesActionColumnIsClickableAndOpenItInNewTab" time="197.888"/>
  <testcase classname="com.ixfi.testcases.IndexPageTest" name="validateMarketTrendGainersTableDataTest" time="11.706"/>
  <testcase classname="com.ixfi.testcases.IndexPageTest" name="verifyThatCurrencyButtonIsClickableUnderHamburgerMenuAndUserIsAbleToSelectTheCurrency" time="20.607"/>
  <testcase classname="com.ixfi.testcases.IndexPageTest" name="verifyTradeButtonFromTheMarketTablesActionColumnIsClickableAndOpenItInNewTab" time="64.921"/>
  <testcase classname="com.ixfi.testcases.IndexPageTest" name="verifyThatUserIsAbleToNavigateToTheEarnPlatformRewardsProgramSectionAndValidateTheTitleOfTheSection" time="8.898"/>
  <testcase classname="com.ixfi.testcases.IndexPageTest" name="verifyUserIsAbleToClickOnReferralProgramCardAndAbleToNavigateToReferralProgamPage" time="15.505"/>
  <testcase classname="com.ixfi.testcases.IndexPageTest" name="verifyUserIsAbleToClickOnRewardsCenterCardAndAbleToNavigateToRewardsPage" time="10.013"/>
  <testcase classname="com.ixfi.testcases.IndexPageTest" name="validateMarketTrendTopTableDataTest" time="14.854"/>
  <testcase classname="com.ixfi.testcases.IndexPageTest" name="verifyThePresenceOfHeaderMenu" time="6.806"/>
  <testcase classname="com.ixfi.testcases.IndexPageTest" name="verifyThePresenceOfResearchMenuDD" time="7.251"/>
  <testcase classname="com.ixfi.testcases.IndexPageTest" name="verifyThePresenceOfRewardsProgramMenuDD" time="8.313"/>
  <testcase classname="com.ixfi.testcases.IndexPageTest" name="verifyThatUserIsAbleToClickOnCompleteTaskSectionAndAbleToNavigateToTheRewardsProgramTaskCenterPage" time="11.117"/>
  <testcase classname="com.ixfi.testcases.IndexPageTest" name="verifyThePresenceOfConvertMenuDD" time="8.719"/>
  <testcase classname="com.ixfi.testcases.IndexPageTest" name="verifyIXFIWebPageTitle" time="7.526"/>
  <testcase classname="com.ixfi.testcases.IndexPageTest" name="verifySignUpButtonIsClickable" time="8.081"/>
  <testcase classname="com.ixfi.testcases.IndexPageTest" name="verifyTheDayLightModeIsChangingWhenUserClicksOnItFromDayToNightMode" time="8.086"/>
  <testcase classname="com.ixfi.testcases.IndexPageTest" name="verifyUserIsAbleToClickOnConvertFeeCardAndAbleToNavigateToConvertPage" time="13.203"/>
  <testcase classname="com.ixfi.testcases.IndexPageTest" name="verifyThatUserIsAbleToClickOnJoinIXFISectionAndAbleToNavigateToTheSignUpPage" time="12.930"/>
  <testcase classname="com.ixfi.testcases.IndexPageTest" name="validateMarketTrendLosersTableDataTest" time="12.450"/>
</testsuite> <!-- com.ixfi.testcases.IndexPageTest -->
