<?xml version="1.0" encoding="UTF-8"?>
<!-- Generated by org.testng.reporters.JUnitReportReporter -->
<testsuite hostname="DESKTOP-6QPA4M0" failures="1" tests="34" name="com.ixfi.testcases.IndexPageTest" time="461.016" errors="0" timestamp="2024-11-06T08:23:49 IST" skipped="0">
  <testcase classname="com.ixfi.testcases.IndexPageTest" name="verifyThatUserIsAbleToClickOnCompleteTaskSectionAndAbleToNavigateToTheRewardsProgramTaskCenterPage" time="9.023"/>
  <system-out/>
  <testcase classname="com.ixfi.testcases.IndexPageTest" name="verifyUserIsAbleToClickOnReferralProgramCardAndAbleToNavigateToReferralProgamPage" time="11.084"/>
  <system-out/>
  <testcase classname="com.ixfi.testcases.IndexPageTest" name="verifyLoginButtonIsClickable" time="6.229"/>
  <system-out/>
  <testcase classname="com.ixfi.testcases.IndexPageTest" name="verifyLangaugeButtonIsClickableUnderHamburgerMenuAndUserIsAbleToExtractTheLanguagesAndClickOnThem" time="19.153"/>
  <system-out/>
  <testcase classname="com.ixfi.testcases.IndexPageTest" name="verifyThatUserIsAbleToNavigateToTheEarnPlatformRewardsProgramSectionAndValidateTheParagraphOfTheSection" time="5.899"/>
  <system-out/>
  <testcase classname="com.ixfi.testcases.IndexPageTest" name="verifyUserIsAbleToClickOnRewardsCenterCardAndAbleToNavigateToRewardsPage" time="7.576"/>
  <system-out/>
  <testcase classname="com.ixfi.testcases.IndexPageTest" name="validateMarketTrendLosersTableDataTest" time="11.087">
    <failure message="Row 5: 24h CHG value should be negative. Found: +2.89% expected [true] but found [false]" type="java.lang.AssertionError">
      <![CDATA[java.lang.AssertionError: Row 5: 24h CHG value should be negative. Found: +2.89% expected [true] but found [false]
at org.testng.Assert.fail(Assert.java:99)
at org.testng.Assert.failNotEquals(Assert.java:1037)
at org.testng.Assert.assertTrue(Assert.java:45)
at com.ixfi.testcases.IndexPageTest.validateMarketTrendLosersTableDataTest(IndexPageTest.java:617)
at java.base/jdk.internal.reflect.DirectMethodHandleAccessor.invoke(DirectMethodHandleAccessor.java:103)
at java.base/java.lang.reflect.Method.invoke(Method.java:580)
at org.testng.internal.MethodInvocationHelper.invokeMethod(MethodInvocationHelper.java:133)
at org.testng.internal.TestInvoker.invokeMethod(TestInvoker.java:598)
at org.testng.internal.TestInvoker.invokeTestMethod(TestInvoker.java:173)
at org.testng.internal.MethodRunner.runInSequence(MethodRunner.java:46)
at org.testng.internal.TestInvoker$MethodInvocationAgent.invoke(TestInvoker.java:824)
at org.testng.internal.TestInvoker.invokeTestMethods(TestInvoker.java:146)
at org.testng.internal.TestMethodWorker.invokeTestMethods(TestMethodWorker.java:146)
at org.testng.internal.TestMethodWorker.run(TestMethodWorker.java:128)
at java.base/java.util.ArrayList.forEach(ArrayList.java:1596)
at org.testng.TestRunner.privateRun(TestRunner.java:794)
at org.testng.TestRunner.run(TestRunner.java:596)
at org.testng.SuiteRunner.runTest(SuiteRunner.java:377)
at org.testng.SuiteRunner.runSequentially(SuiteRunner.java:371)
at org.testng.SuiteRunner.privateRun(SuiteRunner.java:332)
at org.testng.SuiteRunner.run(SuiteRunner.java:276)
at org.testng.SuiteRunnerWorker.runSuite(SuiteRunnerWorker.java:53)
at org.testng.SuiteRunnerWorker.run(SuiteRunnerWorker.java:96)
at org.testng.TestNG.runSuitesSequentially(TestNG.java:1212)
at org.testng.TestNG.runSuitesLocally(TestNG.java:1134)
at org.testng.TestNG.runSuites(TestNG.java:1063)
at org.testng.TestNG.run(TestNG.java:1031)
at org.testng.remote.AbstractRemoteTestNG.run(AbstractRemoteTestNG.java:115)
at org.testng.remote.RemoteTestNG.initAndRun(RemoteTestNG.java:293)
at org.testng.remote.RemoteTestNG.main(RemoteTestNG.java:91)
]]>
    </failure>
  </testcase> <!-- validateMarketTrendLosersTableDataTest -->
  <system-out/>
  <testcase classname="com.ixfi.testcases.IndexPageTest" name="verifyDownloadButtonIsClickableUnderHamburgerMenu" time="10.776"/>
  <system-out/>
  <testcase classname="com.ixfi.testcases.IndexPageTest" name="verifyTheDayLightModeIsChangingWhenUserClicksOnItFromDayToNightMode" time="6.726"/>
  <system-out/>
  <testcase classname="com.ixfi.testcases.IndexPageTest" name="validateMarketTrendGainersTableDataTest" time="10.540"/>
  <system-out/>
  <testcase classname="com.ixfi.testcases.IndexPageTest" name="verifyTradeButtonFromTheMarketTablesActionColumnIsClickableAndOpenItInNewTab" time="35.969"/>
  <system-out/>
  <testcase classname="com.ixfi.testcases.IndexPageTest" name="verifyUserIsAbleToClickOnAirdropsCardAndAbleToNavigateToAirdropsPage" time="8.275"/>
  <system-out/>
  <testcase classname="com.ixfi.testcases.IndexPageTest" name="verifyIXFIWebPageTitle" time="6.188"/>
  <system-out/>
  <testcase classname="com.ixfi.testcases.IndexPageTest" name="verifyPresenceOfIxfiLogo" time="6.246"/>
  <system-out/>
  <testcase classname="com.ixfi.testcases.IndexPageTest" name="verifySignUpButtonIsClickable" time="6.832"/>
  <system-out/>
  <testcase classname="com.ixfi.testcases.IndexPageTest" name="verifyThatTopSectionsDownloadAppWillOpenInNewTab" time="12.482"/>
  <system-out/>
  <testcase classname="com.ixfi.testcases.IndexPageTest" name="validateMarketTrendTopTableDataTest" time="10.630"/>
  <system-out/>
  <testcase classname="com.ixfi.testcases.IndexPageTest" name="verifyDetailsButtonFromTheMarketTablesActionColumnIsClickableAndOpenItInNewTab" time="35.306"/>
  <system-out/>
  <testcase classname="com.ixfi.testcases.IndexPageTest" name="verifyThatBottomSectionsDownloadAppWillOpenInNewTab" time="19.511"/>
  <system-out/>
  <testcase classname="com.ixfi.testcases.IndexPageTest" name="verifyLoginButtonIsClickableAndUserIsNavigatedToLoginPage" time="10.096"/>
  <system-out/>
  <testcase classname="com.ixfi.testcases.IndexPageTest" name="verifyThatStartTradingNowButtonIsClickableAndUserIsNavigatedToTradePage" time="9.890"/>
  <system-out/>
  <testcase classname="com.ixfi.testcases.IndexPageTest" name="verifyUserIsAbleToClickOnConvertFeeCardAndAbleToNavigateToConvertPage" time="11.333"/>
  <system-out/>
  <testcase classname="com.ixfi.testcases.IndexPageTest" name="verifyTheDayLightModeIsChangingWhenUserClicksOnItFromNightToDayMode" time="6.964"/>
  <system-out/>
  <testcase classname="com.ixfi.testcases.IndexPageTest" name="verifyThatUserIsAbleToClickOnGetFreeCryptoSectionAndAbleToNavigateToTheRewardsProgramPage" time="12.664"/>
  <system-out/>
  <testcase classname="com.ixfi.testcases.IndexPageTest" name="verifyThatCurrencyButtonIsClickableUnderHamburgerMenuAndUserIsAbleToSelectTheCurrency" time="22.819"/>
  <system-out/>
  <testcase classname="com.ixfi.testcases.IndexPageTest" name="verifyThePresenceOfResearchMenuDD" time="5.842"/>
  <system-out/>
  <testcase classname="com.ixfi.testcases.IndexPageTest" name="verifyThePresenceOfCryptoParaText" time="5.505"/>
  <system-out/>
  <testcase classname="com.ixfi.testcases.IndexPageTest" name="verifyThePresenceOfRewardsProgramMenuDD" time="6.880"/>
  <system-out/>
  <testcase classname="com.ixfi.testcases.IndexPageTest" name="verifyThePresenceOfGen3_0CryptoExchangeText" time="5.761"/>
  <system-out/>
  <testcase classname="com.ixfi.testcases.IndexPageTest" name="verifyThePresenceOfHeaderMenu" time="6.360"/>
  <system-out/>
  <testcase classname="com.ixfi.testcases.IndexPageTest" name="verifyThePresenceOfConvertMenuDD" time="40.253"/>
  <system-out/>
  <testcase classname="com.ixfi.testcases.IndexPageTest" name="verifyThatUserIsAbleToNavigateToTheEarnPlatformRewardsProgramSectionAndValidateTheTitleOfTheSection" time="5.605"/>
  <system-out/>
  <testcase classname="com.ixfi.testcases.IndexPageTest" name="verifyThatUserIsAbleToClickOnJoinIXFISectionAndAbleToNavigateToTheSignUpPage" time="9.917"/>
  <system-out/>
  <testcase classname="com.ixfi.testcases.IndexPageTest" name="verifyThatWeeklySummaryReportSectionIsPresentAndUserIsAbleToClickOnReadMoreButtonAndOpenTheSummaryReportOnNewTab" time="61.595"/>
  <system-out/>
</testsuite> <!-- com.ixfi.testcases.IndexPageTest -->
