<?xml version="1.0" encoding="UTF-8"?>
<!-- Generated by org.testng.reporters.JUnitReportReporter -->
<testsuite hostname="DESKTOP-6QPA4M0" failures="1" tests="34" name="com.ixfi.testcases.IndexPageTest" time="657.792" errors="0" timestamp="2024-12-09T14:44:17 IST" skipped="0">
  <testcase classname="com.ixfi.testcases.IndexPageTest" name="verifyPresenceOfIxfiLogo" time="9.584"/>
  <system-out/>
  <testcase classname="com.ixfi.testcases.IndexPageTest" name="verifyUserIsAbleToClickOnRewardsCenterCardAndAbleToNavigateToRewardsPage" time="11.562"/>
  <system-out/>
  <testcase classname="com.ixfi.testcases.IndexPageTest" name="verifyThatCurrencyButtonIsClickableUnderHamburgerMenuAndUserIsAbleToSelectTheCurrency" time="21.163"/>
  <system-out/>
  <testcase classname="com.ixfi.testcases.IndexPageTest" name="verifyDetailsButtonFromTheMarketTablesActionColumnIsClickableAndOpenItInNewTab" time="45.576"/>
  <system-out/>
  <testcase classname="com.ixfi.testcases.IndexPageTest" name="verifyThatBottomSectionsDownloadAppWillOpenInNewTab" time="22.684"/>
  <system-out/>
  <testcase classname="com.ixfi.testcases.IndexPageTest" name="validateMarketTrendLosersTableDataTest" time="14.337"/>
  <system-out/>
  <testcase classname="com.ixfi.testcases.IndexPageTest" name="validateMarketTrendGainersTableDataTest" time="14.073"/>
  <system-out/>
  <testcase classname="com.ixfi.testcases.IndexPageTest" name="verifyIXFIWebPageTitle" time="8.701"/>
  <system-out/>
  <testcase classname="com.ixfi.testcases.IndexPageTest" name="verifyThatStartTradingNowButtonIsClickableAndUserIsNavigatedToTradePage" time="15.822"/>
  <system-out/>
  <testcase classname="com.ixfi.testcases.IndexPageTest" name="verifyUserIsAbleToClickOnAirdropsCardAndAbleToNavigateToAirdropsPage" time="11.860"/>
  <system-out/>
  <testcase classname="com.ixfi.testcases.IndexPageTest" name="verifyThatUserIsAbleToClickOnGetFreeCryptoSectionAndAbleToNavigateToTheRewardsProgramPage" time="16.942"/>
  <system-out/>
  <testcase classname="com.ixfi.testcases.IndexPageTest" name="verifyLangaugeButtonIsClickableUnderHamburgerMenuAndUserIsAbleToExtractTheLanguagesAndClickOnThem" time="21.596"/>
  <system-out/>
  <testcase classname="com.ixfi.testcases.IndexPageTest" name="verifyUserIsAbleToClickOnConvertFeeCardAndAbleToNavigateToConvertPage" time="21.166"/>
  <system-out/>
  <testcase classname="com.ixfi.testcases.IndexPageTest" name="verifyLoginButtonIsClickable" time="13.387"/>
  <system-out/>
  <testcase classname="com.ixfi.testcases.IndexPageTest" name="verifyThePresenceOfCryptoParaText" time="10.884"/>
  <system-out/>
  <testcase classname="com.ixfi.testcases.IndexPageTest" name="verifyThePresenceOfConvertMenuDD" time="39.494"/>
  <system-out/>
  <testcase classname="com.ixfi.testcases.IndexPageTest" name="verifyThatWeeklySummaryReportSectionIsPresentAndUserIsAbleToClickOnReadMoreButtonAndOpenTheSummaryReportOnNewTab" time="59.994"/>
  <system-out/>
  <testcase classname="com.ixfi.testcases.IndexPageTest" name="verifyThatUserIsAbleToNavigateToTheEarnPlatformRewardsProgramSectionAndValidateTheParagraphOfTheSection" time="11.004"/>
  <system-out/>
  <testcase classname="com.ixfi.testcases.IndexPageTest" name="verifyThatTopSectionsDownloadAppWillOpenInNewTab" time="16.797"/>
  <system-out/>
  <testcase classname="com.ixfi.testcases.IndexPageTest" name="verifySignUpButtonIsClickable" time="13.060"/>
  <system-out/>
  <testcase classname="com.ixfi.testcases.IndexPageTest" name="verifyTradeButtonFromTheMarketTablesActionColumnIsClickableAndOpenItInNewTab" time="25.997">
    <failure message="Test failed due to an exception." type="java.lang.AssertionError">
      <![CDATA[java.lang.AssertionError: Test failed due to an exception.
at org.testng.Assert.fail(Assert.java:99)
at com.ixfi.testcases.IndexPageTest.verifyTradeButtonFromTheMarketTablesActionColumnIsClickableAndOpenItInNewTab(IndexPageTest.java:684)
at java.base/jdk.internal.reflect.DirectMethodHandleAccessor.invoke(DirectMethodHandleAccessor.java:103)
at java.base/java.lang.reflect.Method.invoke(Method.java:580)
at org.testng.internal.MethodInvocationHelper.invokeMethod(MethodInvocationHelper.java:133)
at org.testng.internal.TestInvoker.invokeMethod(TestInvoker.java:598)
at org.testng.internal.TestInvoker.invokeTestMethod(TestInvoker.java:173)
at org.testng.internal.MethodRunner.runInSequence(MethodRunner.java:46)
at org.testng.internal.TestInvoker$MethodInvocationAgent.invoke(TestInvoker.java:824)
at org.testng.internal.TestInvoker.invokeTestMethods(TestInvoker.java:146)
at org.testng.internal.TestMethodWorker.invokeTestMethods(TestMethodWorker.java:146)
at org.testng.internal.TestMethodWorker.run(TestMethodWorker.java:128)
at java.base/java.util.ArrayList.forEach(ArrayList.java:1596)
at org.testng.TestRunner.privateRun(TestRunner.java:794)
at org.testng.TestRunner.run(TestRunner.java:596)
at org.testng.SuiteRunner.runTest(SuiteRunner.java:377)
at org.testng.SuiteRunner.runSequentially(SuiteRunner.java:371)
at org.testng.SuiteRunner.privateRun(SuiteRunner.java:332)
at org.testng.SuiteRunner.run(SuiteRunner.java:276)
at org.testng.SuiteRunnerWorker.runSuite(SuiteRunnerWorker.java:53)
at org.testng.SuiteRunnerWorker.run(SuiteRunnerWorker.java:96)
at org.testng.TestNG.runSuitesSequentially(TestNG.java:1212)
at org.testng.TestNG.runSuitesLocally(TestNG.java:1134)
at org.testng.TestNG.runSuites(TestNG.java:1063)
at org.testng.TestNG.run(TestNG.java:1031)
at org.testng.remote.AbstractRemoteTestNG.run(AbstractRemoteTestNG.java:115)
at org.testng.remote.RemoteTestNG.initAndRun(RemoteTestNG.java:293)
at org.testng.remote.RemoteTestNG.main(RemoteTestNG.java:91)
]]>
    </failure>
  </testcase> <!-- verifyTradeButtonFromTheMarketTablesActionColumnIsClickableAndOpenItInNewTab -->
  <system-out/>
  <testcase classname="com.ixfi.testcases.IndexPageTest" name="verifyUserIsAbleToClickOnReferralProgramCardAndAbleToNavigateToReferralProgamPage" time="70.360"/>
  <system-out/>
  <testcase classname="com.ixfi.testcases.IndexPageTest" name="verifyTheDayLightModeIsChangingWhenUserClicksOnItFromNightToDayMode" time="10.962"/>
  <system-out/>
  <testcase classname="com.ixfi.testcases.IndexPageTest" name="verifyThatUserIsAbleToClickOnCompleteTaskSectionAndAbleToNavigateToTheRewardsProgramTaskCenterPage" time="12.446"/>
  <system-out/>
  <testcase classname="com.ixfi.testcases.IndexPageTest" name="verifyDownloadButtonIsClickableUnderHamburgerMenu" time="14.435"/>
  <system-out/>
  <testcase classname="com.ixfi.testcases.IndexPageTest" name="validateMarketTrendTopTableDataTest" time="14.630"/>
  <system-out/>
  <testcase classname="com.ixfi.testcases.IndexPageTest" name="verifyThePresenceOfGen3_0CryptoExchangeText" time="31.410"/>
  <system-out/>
  <testcase classname="com.ixfi.testcases.IndexPageTest" name="verifyLoginButtonIsClickableAndUserIsNavigatedToLoginPage" time="13.833"/>
  <system-out/>
  <testcase classname="com.ixfi.testcases.IndexPageTest" name="verifyThatUserIsAbleToClickOnJoinIXFISectionAndAbleToNavigateToTheSignUpPage" time="13.399"/>
  <system-out/>
  <testcase classname="com.ixfi.testcases.IndexPageTest" name="verifyThePresenceOfRewardsProgramMenuDD" time="9.258"/>
  <system-out/>
  <testcase classname="com.ixfi.testcases.IndexPageTest" name="verifyThePresenceOfResearchMenuDD" time="12.618"/>
  <system-out/>
  <testcase classname="com.ixfi.testcases.IndexPageTest" name="verifyTheDayLightModeIsChangingWhenUserClicksOnItFromDayToNightMode" time="9.247"/>
  <system-out/>
  <testcase classname="com.ixfi.testcases.IndexPageTest" name="verifyThatUserIsAbleToNavigateToTheEarnPlatformRewardsProgramSectionAndValidateTheTitleOfTheSection" time="10.211"/>
  <system-out/>
  <testcase classname="com.ixfi.testcases.IndexPageTest" name="verifyThePresenceOfHeaderMenu" time="9.300"/>
  <system-out/>
</testsuite> <!-- com.ixfi.testcases.IndexPageTest -->
